<?xml version="1.0" encoding="UTF-8"?>
<testsuites name="Mocha Tests" time="2.297" tests="2" failures="0">
  <testsuite name="Root Suite" timestamp="2026-09-10T14:44:38" tests="0" file="cypress\e2e\login.cy.js" time="0.000" failures="0">
  </testsuite>
  <testsuite name="Login" timestamp="2026-09-10T14:44:38" tests="2" time="2.295" failures="0">
    <testcase name="Login Realizar login com sucesso" time="0.768" classname="Realizar login com sucesso">
    </testcase>
    <testcase name="Login Realizar login com credenciais invalidas" time="0.528" classname="Realizar login com credenciais invalidas">
    </testcase>
  </testsuite>
</testsuites>