<?xml version="1.0" encoding="UTF-8"?>
<testsuites name="Mocha Tests" time="4.805" tests="1" failures="0">
  <testsuite name="Root Suite" timestamp="2026-09-10T16:21:20" tests="0" file="cypress\e2e\carrinho.cy.js" time="0.000" failures="0">
  </testsuite>
  <testsuite name="Carrinho" timestamp="2026-09-10T16:21:20" tests="1" time="4.802" failures="0">
    <testcase name="Carrinho Fluxo de adicionar e remover no carrinho" time="3.068" classname="Fluxo de adicionar e remover no carrinho">
    </testcase>
  </testsuite>
</testsuites>