<?xml version="1.0" encoding="UTF-8"?>
<testsuites name="Mocha Tests" time="6.015" tests="2" failures="0">
  <testsuite name="Root Suite" timestamp="2026-09-13T19:11:23" tests="0" file="cypress\e2e\carrinho.cy.js" time="0.000" failures="0">
  </testsuite>
  <testsuite name="Carrinho" timestamp="2026-09-13T19:11:23" tests="2" time="6.014" failures="0">
    <testcase name="Carrinho Fluxo de adicionar no carrinho" time="1.949" classname="Fluxo de adicionar no carrinho">
    </testcase>
    <testcase name="Carrinho Fluxo de remover do carrinho" time="1.193" classname="Fluxo de remover do carrinho">
    </testcase>
  </testsuite>
</testsuites>