<?xml version="1.0" encoding="UTF-8"?>
<testsuites name="Mocha Tests" time="5.055" tests="1" failures="0">
  <testsuite name="Root Suite" timestamp="2026-09-10T14:44:32" tests="0" file="cypress\e2e\carrinho.cy.js" time="0.000" failures="0">
  </testsuite>
  <testsuite name="Carrinho" timestamp="2026-09-10T14:44:32" tests="1" time="5.052" failures="0">
    <testcase name="Carrinho Fluxo de adicionar e remover no carrinho" time="2.961" classname="Fluxo de adicionar e remover no carrinho">
    </testcase>
  </testsuite>
</testsuites>